Internal ctest changing into directory: D:/projects/2024-misis-fall/misis2024f-24-01-evstigneev-d-a/build.check
Test project D:/projects/2024-misis-fall/misis2024f-24-01-evstigneev-d-a/build.check
    Start 1: doctest_arrayd
    Start 2: doctest_arrayt
Could not find executable D:/projects/2024-misis-fall/misis2024f-24-01-evstigneev-d-a/bin.check/doctest_arrayt.exe
Looked in the following places:
D:/projects/2024-misis-fall/misis2024f-24-01-evstigneev-d-a/bin.check/doctest_arrayt.exe
D:/projects/2024-misis-fall/misis2024f-24-01-evstigneev-d-a/bin.check/doctest_arrayt.exe.exe
D:/projects/2024-misis-fall/misis2024f-24-01-evstigneev-d-a/bin.check/Release/doctest_arrayt.exe
D:/projects/2024-misis-fall/misis2024f-24-01-evstigneev-d-a/bin.check/Release/doctest_arrayt.exe.exe
Release/D:/projects/2024-misis-fall/misis2024f-24-01-evstigneev-d-a/bin.check/doctest_arrayt.exe
Release/D:/projects/2024-misis-fall/misis2024f-24-01-evstigneev-d-a/bin.check/doctest_arrayt.exe.exe
1/6 Test #2: doctest_arrayt ...................***Not Run   0.00 sec
    Start 3: doctest_complex
    Start 4: doctest_complex_io
    Start 5: doctest_rational
    Start 6: doctest_rational_io
2/6 Test #4: doctest_complex_io ...............   Passed    0.02 sec
3/6 Test #5: doctest_rational .................***Failed    0.01 sec
4/6 Test #3: doctest_complex ..................***Failed    0.03 sec
5/6 Test #6: doctest_rational_io ..............***Failed    0.01 sec
6/6 Test #1: doctest_arrayd ...................Exit code 0xc0000374
***Exception:   0.07 sec

17% tests passed, 5 tests failed out of 6

Total Test time (real) =   0.08 sec

The following tests FAILED:
	  1 - doctest_arrayd (Exit code 0xc0000374
)
	  2 - doctest_arrayt (Not Run)
	  3 - doctest_complex (Failed)
	  5 - doctest_rational (Failed)
	  6 - doctest_rational_io (Failed)
